Added Component: Designator=D1(DIODE_DF_S)
Add component (AddParameter): Name = "Diode Type"; Value = "Standard"; VariantName = "[No Variations]"
Add component (AddParameter): Name = "Manufacturer 1"; Value = "Diodes Incorporated"; VariantName = "[No Variations]"
Add component (AddParameter): Name = "Manufacturer Part Number 1"; Value = "DF1502S-T"; VariantName = "[No Variations]"
Add component (AddParameter): Name = "Mounting Type"; Value = "Surface Mount"; VariantName = "[No Variations]"
Add component (AddParameter): Name = "Package / Case"; Value = "4-SMD, Gull Wing"; VariantName = "[No Variations]"
Add component (AddParameter): Name = "Pcs 2"; Value = "1"; VariantName = "[No Variations]"
Add component (AddParameter): Name = "Price 2"; Value = "3500"; VariantName = "[No Variations]"
Add component (AddParameter): Name = "Ratings"; Value = "200V; 1.5A"; VariantName = "[No Variations]"
Add component (AddParameter): Name = "Supplier 1"; Value = "Digi-Key"; VariantName = "[No Variations]"
Add component (AddParameter): Name = "Supplier 2"; Value = "https://www.thegioiic.com"; VariantName = "[No Variations]"
Add component (AddParameter): Name = "Supplier Part Number 1"; Value = "DF1502SDIDKR-ND"; VariantName = "[No Variations]"
Add component (AddParameter): Name = "Supplier Part Number 2"; Value = "https://www.thegioiic.com/products/df1502s-cau-chinh-luu-200v-1-5a"; VariantName = "[No Variations]"
Add Component: Footprint Not Found VIT - 3.2MM_2
Add Component: Footprint Not Found VIT - 3.2MM_2
Add Component: Footprint Not Found VIT - 3.2MM_2
Add Component: Footprint Not Found VIT - 3.2MM_2
Add Component: Footprint Not Found Header 4
Added Pin To Net: NetName=IN_2 Pin=D1-1
Added Pin To Net: NetName=IN_2 Pin=D1-2
Added Pin To Net: NetName=24Vdc Pin=D1-3
Added Pin To Net: NetName=Vin Pin=D1-4
Add Pin To Net: Unknown Pin: Pin M5-101
Add Pin To Net: Unknown Pin: Pin P1-1
Add Pin To Net: Unknown Pin: Pin P1-2
Add Pin To Net: Unknown Pin: Pin P1-3
Add Pin To Net: Unknown Pin: Pin P1-4
Add Net: Net with name "IN_1" already exists
Add Net: Net with name "IN_2" already exists
Add Net: Net with name "led 1" already exists
Add Net: Net with name "led 2" already exists
Add Net: Net with name "led 3" already exists
Add Net: Net with name "led 4" already exists
Add Net: Net with name "led 5" already exists
Add Net: Net with name "led 6" already exists
Add Net: Net with name "led 7" already exists
Add Net: Net with name "led 8" already exists
Add Net: Net with name "led 9" already exists
Add Net: Net with name "led 10" already exists
Add Net: Net with name "led 11" already exists
Add Net: Net with name "led 12" already exists
Add Net: Net with name "led 13" already exists
Add Net: Net with name "led 14" already exists
Add Net: Net with name "led 15" already exists
Add Net: Net with name "led 16" already exists
Add Net: Net with name "led 17" already exists
Add Net: Net with name "led 18" already exists
Add Net: Net with name "led 19" already exists
Add Net: Net with name "led 20" already exists
Add Net: Net with name "Modbus_A1" already exists
Add Net: Net with name "Modbus_B1" already exists
Add Net: Net with name "UART1_RX" already exists
Add Net: Net with name "UART1_TX" already exists
Added Member To Class: ClassName=U_Power Member=Component D1 DF1502S
Add Class Member: Failed to add class member : Component M1 VIT - 3.2mm
Add Class Member: Failed to add class member : Component M2 VIT - 3.2mm
Add Class Member: Failed to add class member : Component M3 VIT - 3.2mm
Add Class Member: Failed to add class member : Component M4 VIT - 3.2mm
Add Class Member: Failed to add class member : Component P1 Header 4
