Added Component: Designator=J1(KF4-5.08)
Add component (AddParameter): Name = "ComponentLink1 Description"; Value = "Manufacturer"; VariantName = "[No Variations]"
Add component (AddParameter): Name = "ComponentLink1 URL"; Value = "http://www.we-online.com"; VariantName = "[No Variations]"
Add component (AddParameter): Name = "ComponentLink2 Description"; Value = "Datasheet"; VariantName = "[No Variations]"
Add component (AddParameter): Name = "ComponentLink2 URL"; Value = "http://katalog.we-online.de/em/datasheet/6911337100xx.pdf"; VariantName = "[No Variations]"
Add component (AddParameter): Name = "Created By"; Value = "Baojun Chen"; VariantName = "[No Variations]"
Add component (AddParameter): Name = "Created Date"; Value = "4-Aug-15"; VariantName = "[No Variations]"
Add component (AddParameter): Name = "Manufacturer"; Value = "WÅN1rth Elektronik eiSos GmbH"; VariantName = "[No Variations]"
Add component (AddParameter): Name = "NoPins"; Value = "4"; VariantName = "[No Variations]"
Add component (AddParameter): Name = "PartNo"; Value = "691133710004"; VariantName = "[No Variations]"
Added Component: Designator=J2(KF4-5.08)
Add component (AddParameter): Name = "ComponentLink1 Description"; Value = "Manufacturer"; VariantName = "[No Variations]"
Add component (AddParameter): Name = "ComponentLink1 URL"; Value = "http://www.we-online.com"; VariantName = "[No Variations]"
Add component (AddParameter): Name = "ComponentLink2 Description"; Value = "Datasheet"; VariantName = "[No Variations]"
Add component (AddParameter): Name = "ComponentLink2 URL"; Value = "http://katalog.we-online.de/em/datasheet/6911337100xx.pdf"; VariantName = "[No Variations]"
Add component (AddParameter): Name = "Created By"; Value = "Baojun Chen"; VariantName = "[No Variations]"
Add component (AddParameter): Name = "Created Date"; Value = "4-Aug-15"; VariantName = "[No Variations]"
Add component (AddParameter): Name = "Manufacturer"; Value = "WÅN1rth Elektronik eiSos GmbH"; VariantName = "[No Variations]"
Add component (AddParameter): Name = "NoPins"; Value = "4"; VariantName = "[No Variations]"
Add component (AddParameter): Name = "PartNo"; Value = "691133710004"; VariantName = "[No Variations]"
Add Component: Footprint Not Found VIT - 3.2MM_2
Add Component: Footprint Not Found VIT - 3.2MM_2
Add Component: Footprint Not Found VIT - 3.2MM_2
Add Component: Footprint Not Found VIT - 3.2MM_2
Add Component: Footprint Not Found Header 4
Add Pin To Net: Unknown Pin: Pin M5-101
Add Pin To Net: Unknown Pin: Pin P1-1
Add Pin To Net: Unknown Pin: Pin P1-2
Add Pin To Net: Unknown Pin: Pin P1-3
Add Pin To Net: Unknown Pin: Pin P1-4
Add Net: Net with name "IN_1" already exists
Add Net: Net with name "IN_2" already exists
Add Net: Net with name "led 1" already exists
Add Net: Net with name "led 2" already exists
Add Net: Net with name "led 3" already exists
Add Net: Net with name "led 4" already exists
Add Net: Net with name "led 5" already exists
Add Net: Net with name "led 6" already exists
Add Net: Net with name "led 7" already exists
Add Net: Net with name "led 8" already exists
Add Net: Net with name "led 9" already exists
Add Net: Net with name "led 10" already exists
Add Net: Net with name "led 11" already exists
Add Net: Net with name "led 12" already exists
Add Net: Net with name "led 13" already exists
Add Net: Net with name "led 14" already exists
Add Net: Net with name "led 15" already exists
Add Net: Net with name "led 16" already exists
Add Net: Net with name "led 17" already exists
Add Net: Net with name "led 18" already exists
Add Net: Net with name "led 19" already exists
Add Net: Net with name "led 20" already exists
Add Net: Net with name "Modbus_A1" already exists
Add Net: Net with name "Modbus_B1" already exists
Add Net: Net with name "UART1_RX" already exists
Add Net: Net with name "UART1_TX" already exists
Added Member To Class: ClassName=Yazaki Led Member=Component J1 KF4
Added Member To Class: ClassName=Yazaki Led Member=Component J2 KF4
Add Class Member: Failed to add class member : Component M1 VIT - 3.2mm
Add Class Member: Failed to add class member : Component M2 VIT - 3.2mm
Add Class Member: Failed to add class member : Component M3 VIT - 3.2mm
Add Class Member: Failed to add class member : Component M4 VIT - 3.2mm
Add Class Member: Failed to add class member : Component P1 Header 4
Added Room: Name=U_Led Status
Added Room: Name=U_MCU
Added Room: Name=U_Modbus RTU
Added Room: Name=U_Power
Added Room: Name=U_Wireless_Master
Added Room: Name=Yazaki Led
