Removed Pin From Net: NetName=GND Pin=C25-2
Removed Pin From Net: NetName=GND Pin=C26-5
Removed Pin From Net: NetName=3.3V Pin=C26-6
Removed Pin From Net: NetName=3.3V Pin=C27-1
Removed Pin From Net: NetName=GND Pin=C27-2
Removed Pin From Net: NetName=GND Pin=M1-1
Removed Pin From Net: NetName=3.3V Pin=M1-2
Removed Pin From Net: NetName=GND Pin=M1-15
Removed Pin From Net: NetName=GND Pin=M1-38
Removed Pin From Net: NetName=GND Pin=R20-1
Removed Pin From Net: NetName=3.3V Pin=R22-1
Removed Pin From Net: NetName=GND Pin=SW2-2
Removed Member From Class: ClassName=U_Wireless_Master Member=C25
Removed Member From Class: ClassName=U_Wireless_Master Member=C26
Removed Member From Class: ClassName=U_Wireless_Master Member=C27
Removed Member From Class: ClassName=U_Wireless_Master Member=M1
Removed Member From Class: ClassName=U_Wireless_Master Member=R23
Change Component Comment : Designator=R20 Old Comment=10k New Comment=2k
Change Component Designator: OldDesignator=C23 NewDesignator=C26
Change Component Designator: OldDesignator=C24 NewDesignator=C27
Change Component Designator: OldDesignator=C28 NewDesignator=C23
Change Component Designator: OldDesignator=C29 NewDesignator=C30
Change Component Designator: OldDesignator=C30 NewDesignator=C24
Change Component Designator: OldDesignator=C31 NewDesignator=C25
Change Component Designator: OldDesignator=R23 NewDesignator=R22
Change Component Designator: OldDesignator=R24 NewDesignator=R23
Change Component Designator: OldDesignator=R25 NewDesignator=R24
Change Component Designator: OldDesignator=R26 NewDesignator=R25
Change Component Designator: OldDesignator=R27 NewDesignator=R26
Change Component Designator: OldDesignator=R28 NewDesignator=R27
Change Component Designator: OldDesignator=R29 NewDesignator=R28
Change Component Designator: OldDesignator=R30 NewDesignator=R29
Change Component Designator: OldDesignator=R31 NewDesignator=R30
Change Component Designator: OldDesignator=R32 NewDesignator=R31
Change Component Designator: OldDesignator=R33 NewDesignator=R32
Change Component Designator: OldDesignator=R34 NewDesignator=R33
Change Component Designator: OldDesignator=R35 NewDesignator=R34
Change Component Designator: OldDesignator=R36 NewDesignator=R35
Change Component Designator: OldDesignator=R37 NewDesignator=R36
Change Component Designator: OldDesignator=R38 NewDesignator=R37
Change Component Designator: OldDesignator=R39 NewDesignator=R38
Change Component Designator: OldDesignator=R40 NewDesignator=R39
Change Component Designator: OldDesignator=R41 NewDesignator=R40
Change Component Designator: OldDesignator=R42 NewDesignator=R41
Change Component Designator: OldDesignator=R43 NewDesignator=R42
Change Component Designator: OldDesignator=R44 NewDesignator=R43
Change Component Designator: OldDesignator=R45 NewDesignator=R44
Change Component Designator: OldDesignator=R46 NewDesignator=R45
Change Component Designator: OldDesignator=R47 NewDesignator=R46
Change Component Designator: OldDesignator=R48 NewDesignator=R47
Change Component Designator: OldDesignator=R49 NewDesignator=R48
Change Component Designator: OldDesignator=R50 NewDesignator=R49
Change Component Designator: OldDesignator=R51 NewDesignator=R50
Change Component Designator: OldDesignator=R52 NewDesignator=R51
Change Component Designator: OldDesignator=R53 NewDesignator=R52
Change Component Designator: OldDesignator=R54 NewDesignator=R53
Change Component Designator: OldDesignator=R55 NewDesignator=R54
Change Component Designator: OldDesignator=R56 NewDesignator=R55
Change Component Designator: OldDesignator=R57 NewDesignator=R56
Change Component Designator: OldDesignator=R58 NewDesignator=R57
Change Component Designator: OldDesignator=R59 NewDesignator=R58
Change Component Designator: OldDesignator=R60 NewDesignator=R59
Change Component Designator: OldDesignator=R61 NewDesignator=R60
Change Component Designator: OldDesignator=R62 NewDesignator=R61
Change Component Designator: OldDesignator=R63 NewDesignator=R62
Change Component Designator: OldDesignator=R64 NewDesignator=R63
Change Component Designator: OldDesignator=R65 NewDesignator=R64
Change Component Designator: OldDesignator=R66 NewDesignator=R65
Change Component Designator: OldDesignator=R67 NewDesignator=R66
Change Component Designator: OldDesignator=R68 NewDesignator=R67
Change Component Designator: OldDesignator=R69 NewDesignator=R68
Change Component Designator: OldDesignator=R70 NewDesignator=R69
Change Component Designator: OldDesignator=R71 NewDesignator=R70
Change Component Designator: OldDesignator=R72 NewDesignator=R71
Change Component Designator: OldDesignator=R73 NewDesignator=R72
Change Component Designator: OldDesignator=R74 NewDesignator=R73
Change Component Designator: OldDesignator=R75 NewDesignator=R74
Change Component Designator: OldDesignator=R76 NewDesignator=R75
Change Component Designator: OldDesignator=R77 NewDesignator=R76
Change Component Designator: OldDesignator=R78 NewDesignator=R77
Change Component Designator: OldDesignator=R79 NewDesignator=R78
Change Component Designator: OldDesignator=R80 NewDesignator=R79
Change Component Designator: OldDesignator=R81 NewDesignator=R80
Change Component Designator: OldDesignator=R82 NewDesignator=R81
Change Component Designator: OldDesignator=R83 NewDesignator=R82
Added Component: Designator=C28(CAPC1608X90N)
Add component (AddParameter): Name = "Applications"; Value = "Automotive"; VariantName = "[No Variations]"
Add component (AddParameter): Name = "Manufacturer 1"; Value = "Taiyo Yuden"; VariantName = "[No Variations]"
Add component (AddParameter): Name = "Manufacturer Part Number 1"; Value = "GMK107AB7105KAHT"; VariantName = "[No Variations]"
Add component (AddParameter): Name = "Operating Temperature"; Value = "-55°C ~ 125°C"; VariantName = "[No Variations]"
Add component (AddParameter): Name = "Package / Case"; Value = "0603 (1608 Metric)"; VariantName = "[No Variations]"
Add component (AddParameter): Name = "Packaging"; Value = "Digi-Reel®"; VariantName = "[No Variations]"
Add component (AddParameter): Name = "Pcs 2"; Value = "10"; VariantName = "[No Variations]"
Add component (AddParameter): Name = "Price 2"; Value = "1800"; VariantName = "[No Variations]"
Add component (AddParameter): Name = "Ratings"; Value = "AEC-Q200"; VariantName = "[No Variations]"
Add component (AddParameter): Name = "Supplier 1"; Value = "Digi-Key"; VariantName = "[No Variations]"
Add component (AddParameter): Name = "Supplier 2"; Value = "http://www.tme.vn"; VariantName = "[No Variations]"
Add component (AddParameter): Name = "Supplier Part Number 1"; Value = "587-3352-6-ND"; VariantName = "[No Variations]"
Add component (AddParameter): Name = "Supplier Part Number 2"; Value = "http://www.tme.vn/Product.aspx?id=728#page=pro_info"; VariantName = "[No Variations]"
Add component (AddParameter): Name = "Temperature Coefficient"; Value = "X7R"; VariantName = "[No Variations]"
Add component (AddParameter): Name = "Tolerance"; Value = "±10%"; VariantName = "[No Variations]"
Add component (AddParameter): Name = "Value"; Value = "1µF"; VariantName = "[No Variations]"
Add component (AddParameter): Name = "Voltage - Rated"; Value = "35V"; VariantName = "[No Variations]"
Added Component: Designator=C29(JP2-CLOSED)
Add component (AddParameter): Name = "ComponentLink1 Description"; Value = "Manufacturer"; VariantName = "[No Variations]"
Add component (AddParameter): Name = "ComponentLink1URL"; Value = "http://www.we-online.com"; VariantName = "[No Variations]"
Add component (AddParameter): Name = "ComponentLink2 Description"; Value = "Datasheet"; VariantName = "[No Variations]"
Add component (AddParameter): Name = "ComponentLink2URL"; Value = "http://katalog.we-online.de/em/datasheet/6130xx143121.pdf"; VariantName = "[No Variations]"
Add component (AddParameter): Name = "Created by"; Value = "Karrer Zheng"; VariantName = "[No Variations]"
Add component (AddParameter): Name = "Created Date"; Value = "29 March 2013"; VariantName = "[No Variations]"
Add component (AddParameter): Name = "Manufacturer"; Value = "W¨¹rth Elektronik eiSos GmbH"; VariantName = "[No Variations]"
Add component (AddParameter): Name = "NoPins"; Value = "02"; VariantName = "[No Variations]"
Add component (AddParameter): Name = "partNo"; Value = "613002143121"; VariantName = "[No Variations]"
Add Component: Footprint Not Found SW1-SMD
Added Pin To Net: NetName=3.3V Pin=C28-1
Added Pin To Net: NetName=GND Pin=C28-2
Added Pin To Net: NetName=UART4_RX Pin=R20-2
Added Pin To Net: NetName=GND Pin=SW2-1
Add Pin To Net: Unknown Pin: Pin SW3-1
Added Pin To Net: NetName=3.3V Pin=U3-8
Added Pin To Net: NetName=GND Pin=U3-9
Change Net Name : Old Net Name=NetC29_1 New Net Name=NetC30_1
Change Net Name : Old Net Name=NetC29_2 New Net Name=NetC30_2
Change Net Name : Old Net Name=NetC29_3 New Net Name=NetC30_3
Change Net Name : Old Net Name=NetC29_4 New Net Name=NetC30_4
Change Net Name : Old Net Name=NetC29_5 New Net Name=NetC30_5
Change Net Name : Old Net Name=NetC29_6 New Net Name=NetC30_6
Change Net Name : Old Net Name=NetC29_7 New Net Name=NetC30_7
Change Net Name : Old Net Name=NetC29_8 New Net Name=NetC30_8
Change Net Name : Old Net Name=NetC29_9 New Net Name=NetC30_9
Change Net Name : Old Net Name=NetC29_10 New Net Name=NetC30_10
Change Net Name : Old Net Name=NetC29_15 New Net Name=NetC30_15
Change Net Name : Old Net Name=NetC29_16 New Net Name=NetC30_16
Change Net Name : Old Net Name=NetC29_17 New Net Name=NetC30_17
Change Net Name : Old Net Name=NetC29_18 New Net Name=NetC30_18
Change Net Name : Old Net Name=NetC29_19 New Net Name=NetC30_19
Change Net Name : Old Net Name=NetC29_20 New Net Name=NetC30_20
Change Net Name : Old Net Name=NetC29_21 New Net Name=NetC30_21
Change Net Name : Old Net Name=NetC29_22 New Net Name=NetC30_22
Change Net Name : Old Net Name=NetC29_23 New Net Name=NetC30_23
Change Net Name : Old Net Name=NetC29_24 New Net Name=NetC30_24
Added Pin To Net: NetName=BW16_UART_RX Pin=C29-1
Added Pin To Net: NetName=BW16_UART_RX Pin=R21-1
Added Pin To Net: NetName=BW16_UART_RX Pin=U3-5
Added Net: Name=BW16_UART_RX
Added Pin To Net: NetName=BW16_UART_TX Pin=C29-2
Added Pin To Net: NetName=BW16_UART_TX Pin=R22-1
Added Pin To Net: NetName=BW16_UART_TX Pin=U3-11
Added Net: Name=BW16_UART_TX
Added Pin To Net: NetName=EN_BW16 Pin=R5-2
Added Net: Name=EN_BW16
Add Net: Net with name "EN_BW16" already exists
Added Pin To Net: NetName=NetR20_1 Pin=R20-1
Added Net: Name=NetR20_1
Added Member To Class: ClassName=U_Wireless_Master Member=Component C28 1µF
Added Member To Class: ClassName=U_Wireless_Master Member=Component C29 Debug
Add Class Member: Failed to add class member : Component SW3 SW
Added Room: Name=U_Led Status
Added Room: Name=U_MCU
Added Room: Name=U_Modbus RTU
Added Room: Name=U_Power
Added Room: Name=U_Wireless_Master
