Removed Pin From Net: NetName=mode Pin=C22-1
Removed Pin From Net: NetName=GND Pin=C22-2
Removed Pin From Net: NetName=+5 Pin=C23-2
Removed Pin From Net: NetName=+5 Pin=C24-1
Removed Pin From Net: NetName=3.3V Pin=C26-6
Removed Pin From Net: NetName=3.3V Pin=C27-1
Removed Pin From Net: NetName=+5 Pin=IC2-8
Removed Pin From Net: NetName=3.3V Pin=M1-2
Removed Pin From Net: NetName=+5 Pin=R19-1
Removed Pin From Net: NetName=3.3V Pin=R22-1
Change Component Footprint: Designator=C22 Old Footprint=JP2-CLOSED New Footprint=HDR2
Change Component Comment : Designator=C22 Old Comment=JP2 New Comment=mode
Change Component Designator: OldDesignator=C28 NewDesignator=C29
Added Component: Designator=C28(JP2-CLOSED)
Add component (AddParameter): Name = "ComponentLink1 Description"; Value = "Manufacturer"; VariantName = "[No Variations]"
Add component (AddParameter): Name = "ComponentLink1URL"; Value = "http://www.we-online.com"; VariantName = "[No Variations]"
Add component (AddParameter): Name = "ComponentLink2 Description"; Value = "Datasheet"; VariantName = "[No Variations]"
Add component (AddParameter): Name = "ComponentLink2URL"; Value = "http://katalog.we-online.de/em/datasheet/6130xx143121.pdf"; VariantName = "[No Variations]"
Add component (AddParameter): Name = "Created by"; Value = "Karrer Zheng"; VariantName = "[No Variations]"
Add component (AddParameter): Name = "Created Date"; Value = "29 March 2013"; VariantName = "[No Variations]"
Add component (AddParameter): Name = "Manufacturer"; Value = "WÅN1rth Elektronik eiSos GmbH"; VariantName = "[No Variations]"
Add component (AddParameter): Name = "NoPins"; Value = "02"; VariantName = "[No Variations]"
Add component (AddParameter): Name = "partNo"; Value = "613002143121"; VariantName = "[No Variations]"
Added Pin To Net: NetName=GND Pin=C22-1
Added Pin To Net: NetName=mode Pin=C22-2
Add Pin To Net: Unknown Pin: Pin M1-101
Change Net Name : Old Net Name=NetC28_1 New Net Name=NetC29_1
Change Net Name : Old Net Name=NetC28_2 New Net Name=NetC29_2
Change Net Name : Old Net Name=NetC28_3 New Net Name=NetC29_3
Change Net Name : Old Net Name=NetC28_4 New Net Name=NetC29_4
Change Net Name : Old Net Name=NetC28_5 New Net Name=NetC29_5
Change Net Name : Old Net Name=NetC28_6 New Net Name=NetC29_6
Change Net Name : Old Net Name=NetC28_7 New Net Name=NetC29_7
Change Net Name : Old Net Name=NetC28_8 New Net Name=NetC29_8
Change Net Name : Old Net Name=NetC28_9 New Net Name=NetC29_9
Change Net Name : Old Net Name=NetC28_10 New Net Name=NetC29_10
Change Net Name : Old Net Name=NetC28_15 New Net Name=NetC29_15
Change Net Name : Old Net Name=NetC28_16 New Net Name=NetC29_16
Change Net Name : Old Net Name=NetC28_17 New Net Name=NetC29_17
Change Net Name : Old Net Name=NetC28_18 New Net Name=NetC29_18
Change Net Name : Old Net Name=NetC28_19 New Net Name=NetC29_19
Change Net Name : Old Net Name=NetC28_20 New Net Name=NetC29_20
Change Net Name : Old Net Name=NetC28_21 New Net Name=NetC29_21
Change Net Name : Old Net Name=NetC28_22 New Net Name=NetC29_22
Change Net Name : Old Net Name=NetC28_23 New Net Name=NetC29_23
Change Net Name : Old Net Name=NetC28_24 New Net Name=NetC29_24
Added Pin To Net: NetName=ESP32 Pin=C26-6
Added Pin To Net: NetName=ESP32 Pin=C27-1
Added Pin To Net: NetName=ESP32 Pin=M1-2
Added Pin To Net: NetName=ESP32 Pin=R22-1
Added Net: Name=ESP32
Added Pin To Net: NetName=MAX3485 Pin=C23-2
Added Pin To Net: NetName=MAX3485 Pin=C24-1
Added Pin To Net: NetName=MAX3485 Pin=IC2-8
Added Pin To Net: NetName=MAX3485 Pin=R19-1
Added Net: Name=MAX3485
Added Pin To Net: NetName=UART4_RX_STM_ESP Pin=C28-1
Added Net: Name=UART4_RX_STM_ESP
Added Pin To Net: NetName=UART4_TX_STM_ESP Pin=C28-2
Added Net: Name=UART4_TX_STM_ESP
Added Member To Class: ClassName=U_Wireless_Master Member=Component C28 Debug
