Change Component Designator: OldDesignator=C21 NewDesignator=C22
Change Component Designator: OldDesignator=C22 NewDesignator=C23
Change Component Designator: OldDesignator=C23 NewDesignator=C24
Change Component Designator: OldDesignator=C24 NewDesignator=C25
Change Component Designator: OldDesignator=C25 NewDesignator=C26
Change Component Designator: OldDesignator=C26 NewDesignator=C27
Change Component Designator: OldDesignator=C27 NewDesignator=C28
Change Component Designator: OldDesignator=C28 NewDesignator=C29
Change Component Designator: OldDesignator=C29 NewDesignator=C30
Change Component Designator: OldDesignator=C30 NewDesignator=C31
Added Component: Designator=C21(Header4)
Add component (AddParameter): Name = "ComponentLink1 Description"; Value = "Manufacturer"; VariantName = "[No Variations]"
Add component (AddParameter): Name = "ComponentLink1URL"; Value = "http://www.we-online.com"; VariantName = "[No Variations]"
Add component (AddParameter): Name = "ComponentLink2 Description"; Value = "Datasheet"; VariantName = "[No Variations]"
Add component (AddParameter): Name = "ComponentLink2URL"; Value = "http://katalog.we-online.de/em/datasheet/6130xx143121.pdf"; VariantName = "[No Variations]"
Add component (AddParameter): Name = "Created by"; Value = "Karrer Zheng"; VariantName = "[No Variations]"
Add component (AddParameter): Name = "Created Date"; Value = "29 March 2013"; VariantName = "[No Variations]"
Add component (AddParameter): Name = "Manufacturer"; Value = "WÅN1rth Elektronik eiSos GmbH"; VariantName = "[No Variations]"
Add component (AddParameter): Name = "NoPins"; Value = "02"; VariantName = "[No Variations]"
Add component (AddParameter): Name = "partNo"; Value = "613002143121"; VariantName = "[No Variations]"
Add Component: Footprint Not Found VIT - 3.2MM_2
Add Component: Footprint Not Found VIT - 3.2MM_2
Add Component: Footprint Not Found VIT - 3.2MM_2
Add Component: Footprint Not Found VIT - 3.2MM_2
Added Pin To Net: NetName=SWCLK Pin=C21-1
Added Pin To Net: NetName=DIO Pin=C21-2
Added Pin To Net: NetName=IN_2 Pin=C21-3
Added Pin To Net: NetName=V_MCU Pin=C21-4
Add Pin To Net: Unknown Pin: Pin M5-101
Change Net Name : Old Net Name=NetC30_1 New Net Name=NetC31_1
Change Net Name : Old Net Name=NetC30_2 New Net Name=NetC31_2
Change Net Name : Old Net Name=NetC30_3 New Net Name=NetC31_3
Change Net Name : Old Net Name=NetC30_4 New Net Name=NetC31_4
Change Net Name : Old Net Name=NetC30_5 New Net Name=NetC31_5
Change Net Name : Old Net Name=NetC30_6 New Net Name=NetC31_6
Change Net Name : Old Net Name=NetC30_7 New Net Name=NetC31_7
Change Net Name : Old Net Name=NetC30_8 New Net Name=NetC31_8
Change Net Name : Old Net Name=NetC30_9 New Net Name=NetC31_9
Change Net Name : Old Net Name=NetC30_10 New Net Name=NetC31_10
Change Net Name : Old Net Name=NetC30_15 New Net Name=NetC31_15
Change Net Name : Old Net Name=NetC30_16 New Net Name=NetC31_16
Change Net Name : Old Net Name=NetC30_17 New Net Name=NetC31_17
Change Net Name : Old Net Name=NetC30_18 New Net Name=NetC31_18
Change Net Name : Old Net Name=NetC30_19 New Net Name=NetC31_19
Change Net Name : Old Net Name=NetC30_20 New Net Name=NetC31_20
Change Net Name : Old Net Name=NetC30_21 New Net Name=NetC31_21
Change Net Name : Old Net Name=NetC30_22 New Net Name=NetC31_22
Change Net Name : Old Net Name=NetC30_23 New Net Name=NetC31_23
Change Net Name : Old Net Name=NetC30_24 New Net Name=NetC31_24
Add Net: Net with name "led 1" already exists
Add Net: Net with name "led 2" already exists
Add Net: Net with name "led 3" already exists
Add Net: Net with name "led 4" already exists
Add Net: Net with name "led 5" already exists
Add Net: Net with name "led 6" already exists
Add Net: Net with name "led 7" already exists
Add Net: Net with name "led 8" already exists
Add Net: Net with name "led 9" already exists
Add Net: Net with name "led 10" already exists
Add Net: Net with name "led 11" already exists
Add Net: Net with name "led 12" already exists
Add Net: Net with name "led 13" already exists
Add Net: Net with name "led 14" already exists
Add Net: Net with name "led 15" already exists
Add Net: Net with name "led 16" already exists
Add Net: Net with name "led 17" already exists
Add Net: Net with name "led 18" already exists
Add Net: Net with name "led 19" already exists
Add Net: Net with name "led 20" already exists
Add Net: Net with name "UART1_RX" already exists
Add Net: Net with name "UART1_TX" already exists
Added Member To Class: ClassName=U_MCU Member=Component C23 100nF
Add Class Member: Failed to add class member : Component M1 VIT - 3.2mm
Add Class Member: Failed to add class member : Component M2 VIT - 3.2mm
Add Class Member: Failed to add class member : Component M3 VIT - 3.2mm
Add Class Member: Failed to add class member : Component M4 VIT - 3.2mm
