Removed Pin From Net: NetName=I2C1_SCL Pin=C21-1
Removed Pin From Net: NetName=I2C1_SDA Pin=C21-2
Removed Pin From Net: NetName=3.3V Pin=C21-3
Removed Pin From Net: NetName=GND Pin=C21-4
Removed Pin From Net: NetName=CS Pin=C22-1
Removed Pin From Net: NetName=SPI1_MOSI Pin=C22-2
Removed Pin From Net: NetName=SPI1_MISO Pin=C22-3
Removed Pin From Net: NetName=SPI1_SCK Pin=C22-4
Removed Pin From Net: NetName=GND Pin=X2-2
Removed Pin From Net: NetName=GND Pin=X2-4
Removed Member From Class: ClassName=U_MCU Member=C22
Removed Member From Class: ClassName=U_MCU Member=C23
Change Component Designator: OldDesignator=C23 NewDesignator=C21
Change Component Designator: OldDesignator=C24 NewDesignator=C22
Change Component Designator: OldDesignator=C25 NewDesignator=C23
Change Component Designator: OldDesignator=C26 NewDesignator=C24
Change Component Designator: OldDesignator=C27 NewDesignator=C25
Added Component: Designator=JP1(CON8)
Add component (AddParameter): Name = "Don_Vi"; Value = "Con"; VariantName = "[No Variations]"
Add component (AddParameter): Name = "Ghi Chu"; Value = ""; VariantName = "[No Variations]"
Add component (AddParameter): Name = "Kieu Chan"; Value = ""; VariantName = "[No Variations]"
Add component (AddParameter): Name = "Ma_Hang"; Value = "MH000903"; VariantName = "[No Variations]"
Add component (AddParameter): Name = "Value"; Value = "Jump Ðon Ð?c 2.54MM 1x40P Th?ng 11MM"; VariantName = "[No Variations]"
Added Pin To Net: NetName=OSC_OUT Pin=C19-2
Added Pin To Net: NetName=GND Pin=C24-2
Added Pin To Net: NetName=CS Pin=JP1-1
Added Pin To Net: NetName=SPI1_MOSI Pin=JP1-2
Added Pin To Net: NetName=SPI1_MISO Pin=JP1-3
Added Pin To Net: NetName=SPI1_SCK Pin=JP1-4
Added Pin To Net: NetName=I2C1_SCL Pin=JP1-5
Added Pin To Net: NetName=I2C1_SDA Pin=JP1-6
Added Pin To Net: NetName=3.3V Pin=JP1-7
Added Pin To Net: NetName=GND Pin=JP1-8
Added Pin To Net: NetName=I2C1_SDA Pin=R8-2
Added Pin To Net: NetName=OSC_OUT Pin=X2-3
Change Net Name : Old Net Name=NetC27_1 New Net Name=NetC25_1
Added Member To Class: ClassName=U_MCU Member=Component JP1 Jump Ðon Ð?c 2.54
Added Room: Name=U_MCU
Added Room: Name=U_Modbus RTU
Added Room: Name=U_Power
Added Room: Name=U_Wireless_Master
