Removed Member From Class: ClassName=U_Led Status Member=C24
Removed Member From Class: ClassName=U_Wireless_Master Member=C24
Change Component Designator: OldDesignator=C23 NewDesignator=C28
Change Component Designator: OldDesignator=C24 NewDesignator=C30
Change Component Designator: OldDesignator=C25 NewDesignator=C31
Add Component: Footprint Not Found SW1-SMD
Added Component: Designator=U?(MODULE_BW16)
Add component (AddParameter): Name = "Availability"; Value = "Not in stock"; VariantName = "[No Variations]"
Add component (AddParameter): Name = "Check_prices"; Value = "https://www.snapeda.com/parts/BW16/AI-Thinker/view-part/?ref=eda"; VariantName = "[No Variations]"
Add component (AddParameter): Name = "MF"; Value = "AI-Thinker"; VariantName = "[No Variations]"
Add component (AddParameter): Name = "MP"; Value = "BW16"; VariantName = "[No Variations]"
Add component (AddParameter): Name = "Package"; Value = "Package"; VariantName = "[No Variations]"
Add component (AddParameter): Name = "Price"; Value = "None"; VariantName = "[No Variations]"
Add component (AddParameter): Name = "SnapEDA_Link"; Value = "https://www.snapeda.com/parts/BW16/AI-Thinker/view-part/?ref=snap"; VariantName = "[No Variations]"
Add component (AddParameter): Name = "Value"; Value = ""; VariantName = "[No Variations]"
Added Pin To Net: NetName=EN_BW16 Pin=SW2-2
Add Pin To Net: Unknown Pin: Pin SW3-1
Add Pin To Net: Unknown Pin: Pin SW3-2
Added Pin To Net: NetName=EN_BW16 Pin=U3-3
Added Member To Class: ClassName=U_Modbus RTU Member=Component C26 100nF
Added Member To Class: ClassName=U_Modbus RTU Member=Component C27 100nF
Added Member To Class: ClassName=U_MCU Member=Component C28 mode
Added Member To Class: ClassName=U_Wireless_Master Member=Component C28 1µF
Added Member To Class: ClassName=U_Wireless_Master Member=Component C29 Debug
Added Member To Class: ClassName=U_Led Status Member=Component C30 JP12x2
Added Member To Class: ClassName=U_MCU Member=Component C31 mode
Added Member To Class: ClassName=U_Wireless_Master Member=Component R22 0
Added Member To Class: ClassName=U_Led Status Member=Component R23 4.7k
Added Member To Class: ClassName=U_Led Status Member=Component R25 4.7k
Added Member To Class: ClassName=U_Led Status Member=Component R27 4.7k
Added Member To Class: ClassName=U_Led Status Member=Component R29 4.7k
Added Member To Class: ClassName=U_Led Status Member=Component R32 330
Added Member To Class: ClassName=U_Led Status Member=Component R34 330
Added Member To Class: ClassName=U_Led Status Member=Component R36 330
Added Member To Class: ClassName=U_Led Status Member=Component R38 330
Added Member To Class: ClassName=U_Led Status Member=Component R40 4.7k
Added Member To Class: ClassName=U_Led Status Member=Component R42 4.7k
Added Member To Class: ClassName=U_Led Status Member=Component R44 4.7k
Added Member To Class: ClassName=U_Led Status Member=Component R46 4.7k
Added Member To Class: ClassName=U_Led Status Member=Component R48 330
Added Member To Class: ClassName=U_Led Status Member=Component R50 330
Added Member To Class: ClassName=U_Led Status Member=Component R51 330
Added Member To Class: ClassName=U_Led Status Member=Component R53 330
Added Member To Class: ClassName=U_Led Status Member=Component R56 330
Added Member To Class: ClassName=U_Led Status Member=Component R58 330
Added Member To Class: ClassName=U_Led Status Member=Component R60 330
Added Member To Class: ClassName=U_Led Status Member=Component R62 330
Added Member To Class: ClassName=U_Led Status Member=Component R64 330
Added Member To Class: ClassName=U_Led Status Member=Component R66 330
Added Member To Class: ClassName=U_Led Status Member=Component R68 4.7k
Added Member To Class: ClassName=U_Led Status Member=Component R69 330
Added Member To Class: ClassName=U_Led Status Member=Component R70 4.7k
Added Member To Class: ClassName=U_Led Status Member=Component R72 4.7k
Added Member To Class: ClassName=U_Led Status Member=Component R74 330
Added Member To Class: ClassName=U_Led Status Member=Component R76 330
Added Member To Class: ClassName=U_Led Status Member=Component R77 330
Added Member To Class: ClassName=U_Led Status Member=Component R79 330
Added Member To Class: ClassName=U_Led Status Member=Component R82 330
Add Class Member: Failed to add class member : Component SW3 SW
Added Member To Class: ClassName=U_MCU Member=Component U? BW16
