Added Component: Designator=R13(RES-SMD-0603)
Add component (AddParameter): Name = "Class"; Value = "Passive"; VariantName = "[No Variations]"
Add component (AddParameter): Name = "Manufacturer"; Value = "Generic Components"; VariantName = "[No Variations]"
Add component (AddParameter): Name = "Published"; Value = "08/06/2000"; VariantName = "[No Variations]"
Add component (AddParameter): Name = "Publisher"; Value = "Altium Hobart Technology Centre"; VariantName = "[No Variations]"
Added Component: Designator=R14(RES-SMD-0603)
Add component (AddParameter): Name = "Class"; Value = "Passive"; VariantName = "[No Variations]"
Add component (AddParameter): Name = "Manufacturer"; Value = "Generic Components"; VariantName = "[No Variations]"
Add component (AddParameter): Name = "Published"; Value = "08/06/2000"; VariantName = "[No Variations]"
Add component (AddParameter): Name = "Publisher"; Value = "Altium Hobart Technology Centre"; VariantName = "[No Variations]"
Add Pin To Net: Unknown Pin: Pin M1-101
Added Pin To Net: NetName=V_MCU Pin=R13-1
Added Pin To Net: NetName=V_MCU Pin=R14-1
Add Net: Net with name "led 1" already exists
Add Net: Net with name "led 2" already exists
Add Net: Net with name "led 3" already exists
Add Net: Net with name "led 4" already exists
Add Net: Net with name "led 5" already exists
Add Net: Net with name "led 6" already exists
Add Net: Net with name "led 7" already exists
Add Net: Net with name "led 9" already exists
Add Net: Net with name "led 10" already exists
Add Net: Net with name "led 11" already exists
Add Net: Net with name "led 12" already exists
Add Net: Net with name "led 13" already exists
Add Net: Net with name "led 14" already exists
Add Net: Net with name "led 15" already exists
Add Net: Net with name "led 16" already exists
Add Net: Net with name "led 17" already exists
Add Net: Net with name "led 18" already exists
Add Net: Net with name "led 19" already exists
Add Net: Net with name "led 20" already exists
Add Net: Net with name "UART1_RX" already exists
Add Net: Net with name "UART1_TX" already exists
Added Member To Class: ClassName=U_Modbus RTU Member=Component R13 4k7
Added Member To Class: ClassName=U_Modbus RTU Member=Component R14 4k7
