Change Component Designator: OldDesignator=C28 NewDesignator=C27
Added Component: Designator=R5(RES-SMD-0603)
Add component (AddParameter): Name = "Class"; Value = "Passive"; VariantName = "[No Variations]"
Add component (AddParameter): Name = "Manufacturer"; Value = "Generic Components"; VariantName = "[No Variations]"
Add component (AddParameter): Name = "Published"; Value = "08/06/2000"; VariantName = "[No Variations]"
Add component (AddParameter): Name = "Publisher"; Value = "Altium Hobart Technology Centre"; VariantName = "[No Variations]"
Add Pin To Net: Unknown Pin: Pin M1-101
Added Pin To Net: NetName=EN_ESP Pin=R5-2
Change Net Name : Old Net Name=NetC28_1 New Net Name=NetC27_1
Change Net Name : Old Net Name=NetC28_2 New Net Name=NetC27_2
Change Net Name : Old Net Name=NetC28_3 New Net Name=NetC27_3
Change Net Name : Old Net Name=NetC28_4 New Net Name=NetC27_4
Change Net Name : Old Net Name=NetC28_5 New Net Name=NetC27_5
Change Net Name : Old Net Name=NetC28_6 New Net Name=NetC27_6
Change Net Name : Old Net Name=NetC28_7 New Net Name=NetC27_7
Change Net Name : Old Net Name=NetC28_8 New Net Name=NetC27_8
Change Net Name : Old Net Name=NetC28_9 New Net Name=NetC27_9
Change Net Name : Old Net Name=NetC28_10 New Net Name=NetC27_10
Change Net Name : Old Net Name=NetC28_15 New Net Name=NetC27_15
Change Net Name : Old Net Name=NetC28_16 New Net Name=NetC27_16
Change Net Name : Old Net Name=NetC28_17 New Net Name=NetC27_17
Change Net Name : Old Net Name=NetC28_18 New Net Name=NetC27_18
Change Net Name : Old Net Name=NetC28_19 New Net Name=NetC27_19
Change Net Name : Old Net Name=NetC28_20 New Net Name=NetC27_20
Change Net Name : Old Net Name=NetC28_21 New Net Name=NetC27_21
Change Net Name : Old Net Name=NetC28_22 New Net Name=NetC27_22
Change Net Name : Old Net Name=NetC28_23 New Net Name=NetC27_23
Change Net Name : Old Net Name=NetC28_24 New Net Name=NetC27_24
Added Pin To Net: NetName=NetR5_1 Pin=R5-1
Added Pin To Net: NetName=NetR5_1 Pin=U2-31
Added Net: Name=NetR5_1
Added Member To Class: ClassName=U_MCU Member=Component R5 1k
