Removed Pin From Net: NetName=CS Pin=C22-1
Removed Pin From Net: NetName=SPI1_MOSI Pin=C22-2
Change Component Footprint: Designator=C22 Old Footprint=J2-D1T New Footprint=JP4-C1T
Change Component Footprint: Designator=C23 Old Footprint=J2-D1T New Footprint=JP4-C1T
Added Component: Designator=C21(JP4-C1T)
Add component (AddParameter): Name = "ComponentLink1 Description"; Value = "Manufacturer"; VariantName = "[No Variations]"
Add component (AddParameter): Name = "ComponentLink1URL"; Value = "http://www.we-online.com"; VariantName = "[No Variations]"
Add component (AddParameter): Name = "ComponentLink2 Description"; Value = "Datasheet"; VariantName = "[No Variations]"
Add component (AddParameter): Name = "ComponentLink2URL"; Value = "http://katalog.we-online.de/em/datasheet/6130xx143121.pdf"; VariantName = "[No Variations]"
Add component (AddParameter): Name = "Created by"; Value = "Karrer Zheng"; VariantName = "[No Variations]"
Add component (AddParameter): Name = "Created Date"; Value = "29 March 2013"; VariantName = "[No Variations]"
Add component (AddParameter): Name = "Manufacturer"; Value = "W¨¹rth Elektronik eiSos GmbH"; VariantName = "[No Variations]"
Add component (AddParameter): Name = "NoPins"; Value = "04"; VariantName = "[No Variations]"
Add component (AddParameter): Name = "partNo"; Value = "613004143121"; VariantName = "[No Variations]"
Add Component: Footprint Not Found Pin2
Added Pin To Net: NetName=I2C1_SCL Pin=C21-1
Added Pin To Net: NetName=I2C1_SDA Pin=C21-2
Added Pin To Net: NetName=3.3V Pin=C21-3
Added Pin To Net: NetName=GND Pin=C21-4
Added Pin To Net: NetName=GND Pin=C23-3
Added Pin To Net: NetName=3.3V Pin=C23-4
Add Pin To Net: Unknown Pin: Pin LS1-1
Add Pin To Net: Unknown Pin: Pin LS1-2
Added Member To Class: ClassName=U_MCU Member=Component C21 JP4
Add Class Member: Failed to add class member : Component LS1 TMB12A05
Added Room: Name=U_MCU
Added Room: Name=U_Modbus RTU
Added Room: Name=U_Power
Added Room: Name=U_Wireless_Master
