Removed Pin From Net: NetName=OUT 1 Pin=C30-1
Removed Pin From Net: NetName=OUT 2 Pin=C30-2
Removed Pin From Net: NetName=OUT 3 Pin=C30-3
Removed Pin From Net: NetName=OUT 4 Pin=C30-4
Removed Pin From Net: NetName=OUT 5 Pin=C30-5
Removed Pin From Net: NetName=OUT 6 Pin=C30-6
Removed Pin From Net: NetName=OUT 7 Pin=C30-7
Removed Pin From Net: NetName=OUT 8 Pin=C30-8
Removed Pin From Net: NetName=OUT 9 Pin=C30-9
Removed Pin From Net: NetName=OUT 10 Pin=C30-10
Removed Pin From Net: NetName=IN_2 Pin=C30-11
Removed Pin From Net: NetName=IN_2 Pin=C30-12
Removed Pin From Net: NetName=IN_2 Pin=C30-13
Removed Pin From Net: NetName=IN_2 Pin=C30-14
Removed Pin From Net: NetName=OUT 11 Pin=C30-15
Removed Pin From Net: NetName=OUT 12 Pin=C30-16
Removed Pin From Net: NetName=OUT 13 Pin=C30-17
Removed Pin From Net: NetName=OUT 14 Pin=C30-18
Removed Pin From Net: NetName=OUT 15 Pin=C30-19
Removed Pin From Net: NetName=OUT 16 Pin=C30-20
Removed Pin From Net: NetName=OUT 17 Pin=C30-21
Removed Pin From Net: NetName=OUT 18 Pin=C30-22
Removed Pin From Net: NetName=OUT 19 Pin=C30-23
Removed Pin From Net: NetName=OUT 20 Pin=C30-24
Change Component Designator: OldDesignator=J? NewDesignator=J1
Change Component Designator: OldDesignator=J? NewDesignator=J2
Change Component Designator: OldDesignator=R58 NewDesignator=R73
Change Component Designator: OldDesignator=R59 NewDesignator=R74
Change Component Designator: OldDesignator=R60 NewDesignator=R75
Change Component Designator: OldDesignator=R61 NewDesignator=R71
Change Component Designator: OldDesignator=R62 NewDesignator=R80
Change Component Designator: OldDesignator=R63 NewDesignator=R81
Change Component Designator: OldDesignator=R64 NewDesignator=R82
Change Component Designator: OldDesignator=R65 NewDesignator=R83
Add Component: Footprint Not Found VIT - 3.2MM_2
Add Component: Footprint Not Found VIT - 3.2MM_2
Add Component: Footprint Not Found VIT - 3.2MM_2
Add Component: Footprint Not Found VIT - 3.2MM_2
Add Component: Footprint Not Found Header 4
Added Component: Designator=R58(RES-SMD-0603)
Add component (AddParameter): Name = "Class"; Value = "Passive"; VariantName = "[No Variations]"
Add component (AddParameter): Name = "Manufacturer"; Value = "Generic Components"; VariantName = "[No Variations]"
Add component (AddParameter): Name = "Published"; Value = "08/06/2000"; VariantName = "[No Variations]"
Add component (AddParameter): Name = "Publisher"; Value = "Altium Hobart Technology Centre"; VariantName = "[No Variations]"
Added Component: Designator=R59(RES-SMD-0603)
Add component (AddParameter): Name = "Class"; Value = "Passive"; VariantName = "[No Variations]"
Add component (AddParameter): Name = "Manufacturer"; Value = "Generic Components"; VariantName = "[No Variations]"
Add component (AddParameter): Name = "Published"; Value = "08/06/2000"; VariantName = "[No Variations]"
Add component (AddParameter): Name = "Publisher"; Value = "Altium Hobart Technology Centre"; VariantName = "[No Variations]"
Added Component: Designator=R60(RES-SMD-0603)
Add component (AddParameter): Name = "Class"; Value = "Passive"; VariantName = "[No Variations]"
Add component (AddParameter): Name = "Manufacturer"; Value = "Generic Components"; VariantName = "[No Variations]"
Add component (AddParameter): Name = "Published"; Value = "08/06/2000"; VariantName = "[No Variations]"
Add component (AddParameter): Name = "Publisher"; Value = "Altium Hobart Technology Centre"; VariantName = "[No Variations]"
Added Component: Designator=R61(RES-SMD-0603)
Add component (AddParameter): Name = "Class"; Value = "Passive"; VariantName = "[No Variations]"
Add component (AddParameter): Name = "Manufacturer"; Value = "Generic Components"; VariantName = "[No Variations]"
Add component (AddParameter): Name = "Published"; Value = "08/06/2000"; VariantName = "[No Variations]"
Add component (AddParameter): Name = "Publisher"; Value = "Altium Hobart Technology Centre"; VariantName = "[No Variations]"
Added Component: Designator=R62(RES-SMD-0603)
Add component (AddParameter): Name = "Class"; Value = "Passive"; VariantName = "[No Variations]"
Add component (AddParameter): Name = "Manufacturer"; Value = "Generic Components"; VariantName = "[No Variations]"
Add component (AddParameter): Name = "Published"; Value = "08/06/2000"; VariantName = "[No Variations]"
Add component (AddParameter): Name = "Publisher"; Value = "Altium Hobart Technology Centre"; VariantName = "[No Variations]"
Added Component: Designator=R63(RES-SMD-0603)
Add component (AddParameter): Name = "Class"; Value = "Passive"; VariantName = "[No Variations]"
Add component (AddParameter): Name = "Manufacturer"; Value = "Generic Components"; VariantName = "[No Variations]"
Add component (AddParameter): Name = "Published"; Value = "08/06/2000"; VariantName = "[No Variations]"
Add component (AddParameter): Name = "Publisher"; Value = "Altium Hobart Technology Centre"; VariantName = "[No Variations]"
Added Component: Designator=R64(RES-SMD-0603)
Add component (AddParameter): Name = "Class"; Value = "Passive"; VariantName = "[No Variations]"
Add component (AddParameter): Name = "Manufacturer"; Value = "Generic Components"; VariantName = "[No Variations]"
Add component (AddParameter): Name = "Published"; Value = "08/06/2000"; VariantName = "[No Variations]"
Add component (AddParameter): Name = "Publisher"; Value = "Altium Hobart Technology Centre"; VariantName = "[No Variations]"
Added Component: Designator=R65(RES-SMD-0603)
Add component (AddParameter): Name = "Class"; Value = "Passive"; VariantName = "[No Variations]"
Add component (AddParameter): Name = "Manufacturer"; Value = "Generic Components"; VariantName = "[No Variations]"
Add component (AddParameter): Name = "Published"; Value = "08/06/2000"; VariantName = "[No Variations]"
Add component (AddParameter): Name = "Publisher"; Value = "Altium Hobart Technology Centre"; VariantName = "[No Variations]"
Added Component: Designator=R66(RES-SMD-0603)
Add component (AddParameter): Name = "Class"; Value = "Passive"; VariantName = "[No Variations]"
Add component (AddParameter): Name = "Manufacturer"; Value = "Generic Components"; VariantName = "[No Variations]"
Add component (AddParameter): Name = "Published"; Value = "08/06/2000"; VariantName = "[No Variations]"
Add component (AddParameter): Name = "Publisher"; Value = "Altium Hobart Technology Centre"; VariantName = "[No Variations]"
Added Component: Designator=R67(RES-SMD-0603)
Add component (AddParameter): Name = "Class"; Value = "Passive"; VariantName = "[No Variations]"
Add component (AddParameter): Name = "Manufacturer"; Value = "Generic Components"; VariantName = "[No Variations]"
Add component (AddParameter): Name = "Published"; Value = "08/06/2000"; VariantName = "[No Variations]"
Add component (AddParameter): Name = "Publisher"; Value = "Altium Hobart Technology Centre"; VariantName = "[No Variations]"
Added Component: Designator=R68(RES-SMD-0603)
Add component (AddParameter): Name = "Class"; Value = "Passive"; VariantName = "[No Variations]"
Add component (AddParameter): Name = "Manufacturer"; Value = "Generic Components"; VariantName = "[No Variations]"
Add component (AddParameter): Name = "Published"; Value = "08/06/2000"; VariantName = "[No Variations]"
Add component (AddParameter): Name = "Publisher"; Value = "Altium Hobart Technology Centre"; VariantName = "[No Variations]"
Added Component: Designator=R69(RES-SMD-0603)
Add component (AddParameter): Name = "Class"; Value = "Passive"; VariantName = "[No Variations]"
Add component (AddParameter): Name = "Manufacturer"; Value = "Generic Components"; VariantName = "[No Variations]"
Add component (AddParameter): Name = "Published"; Value = "08/06/2000"; VariantName = "[No Variations]"
Add component (AddParameter): Name = "Publisher"; Value = "Altium Hobart Technology Centre"; VariantName = "[No Variations]"
Added Component: Designator=R70(RES-SMD-0603)
Add component (AddParameter): Name = "Class"; Value = "Passive"; VariantName = "[No Variations]"
Add component (AddParameter): Name = "Manufacturer"; Value = "Generic Components"; VariantName = "[No Variations]"
Add component (AddParameter): Name = "Published"; Value = "08/06/2000"; VariantName = "[No Variations]"
Add component (AddParameter): Name = "Publisher"; Value = "Altium Hobart Technology Centre"; VariantName = "[No Variations]"
Added Component: Designator=R72(RES-SMD-0603)
Add component (AddParameter): Name = "Class"; Value = "Passive"; VariantName = "[No Variations]"
Add component (AddParameter): Name = "Manufacturer"; Value = "Generic Components"; VariantName = "[No Variations]"
Add component (AddParameter): Name = "Published"; Value = "08/06/2000"; VariantName = "[No Variations]"
Add component (AddParameter): Name = "Publisher"; Value = "Altium Hobart Technology Centre"; VariantName = "[No Variations]"
Added Component: Designator=R76(RES-SMD-0603)
Add component (AddParameter): Name = "Class"; Value = "Passive"; VariantName = "[No Variations]"
Add component (AddParameter): Name = "Manufacturer"; Value = "Generic Components"; VariantName = "[No Variations]"
Add component (AddParameter): Name = "Published"; Value = "08/06/2000"; VariantName = "[No Variations]"
Add component (AddParameter): Name = "Publisher"; Value = "Altium Hobart Technology Centre"; VariantName = "[No Variations]"
Added Component: Designator=R77(RES-SMD-0603)
Add component (AddParameter): Name = "Class"; Value = "Passive"; VariantName = "[No Variations]"
Add component (AddParameter): Name = "Manufacturer"; Value = "Generic Components"; VariantName = "[No Variations]"
Add component (AddParameter): Name = "Published"; Value = "08/06/2000"; VariantName = "[No Variations]"
Add component (AddParameter): Name = "Publisher"; Value = "Altium Hobart Technology Centre"; VariantName = "[No Variations]"
Added Component: Designator=R78(RES-SMD-0603)
Add component (AddParameter): Name = "Class"; Value = "Passive"; VariantName = "[No Variations]"
Add component (AddParameter): Name = "Manufacturer"; Value = "Generic Components"; VariantName = "[No Variations]"
Add component (AddParameter): Name = "Published"; Value = "08/06/2000"; VariantName = "[No Variations]"
Add component (AddParameter): Name = "Publisher"; Value = "Altium Hobart Technology Centre"; VariantName = "[No Variations]"
Added Component: Designator=R79(RES-SMD-0603)
Add component (AddParameter): Name = "Class"; Value = "Passive"; VariantName = "[No Variations]"
Add component (AddParameter): Name = "Manufacturer"; Value = "Generic Components"; VariantName = "[No Variations]"
Add component (AddParameter): Name = "Published"; Value = "08/06/2000"; VariantName = "[No Variations]"
Add component (AddParameter): Name = "Publisher"; Value = "Altium Hobart Technology Centre"; VariantName = "[No Variations]"
Added Component: Designator=R84(RES-SMD-0603)
Add component (AddParameter): Name = "Class"; Value = "Passive"; VariantName = "[No Variations]"
Add component (AddParameter): Name = "Manufacturer"; Value = "Generic Components"; VariantName = "[No Variations]"
Add component (AddParameter): Name = "Published"; Value = "08/06/2000"; VariantName = "[No Variations]"
Add component (AddParameter): Name = "Publisher"; Value = "Altium Hobart Technology Centre"; VariantName = "[No Variations]"
Added Component: Designator=R85(RES-SMD-0603)
Add component (AddParameter): Name = "Class"; Value = "Passive"; VariantName = "[No Variations]"
Add component (AddParameter): Name = "Manufacturer"; Value = "Generic Components"; VariantName = "[No Variations]"
Add component (AddParameter): Name = "Published"; Value = "08/06/2000"; VariantName = "[No Variations]"
Add component (AddParameter): Name = "Publisher"; Value = "Altium Hobart Technology Centre"; VariantName = "[No Variations]"
Added Pin To Net: NetName=+5 Pin=C30-11
Added Pin To Net: NetName=+5 Pin=C30-12
Added Pin To Net: NetName=+5 Pin=C30-13
Added Pin To Net: NetName=+5 Pin=C30-14
Add Pin To Net: Unknown Pin: Pin M5-101
Add Pin To Net: Unknown Pin: Pin P1-1
Add Pin To Net: Unknown Pin: Pin P1-2
Add Pin To Net: Unknown Pin: Pin P1-3
Add Pin To Net: Unknown Pin: Pin P1-4
Added Pin To Net: NetName=OUT 1 Pin=R58-2
Added Pin To Net: NetName=OUT 2 Pin=R59-2
Added Pin To Net: NetName=OUT 20 Pin=R60-2
Added Pin To Net: NetName=OUT 3 Pin=R61-2
Added Pin To Net: NetName=OUT 19 Pin=R62-2
Added Pin To Net: NetName=OUT 4 Pin=R63-2
Added Pin To Net: NetName=OUT 18 Pin=R64-2
Added Pin To Net: NetName=OUT 5 Pin=R65-2
Added Pin To Net: NetName=OUT 17 Pin=R66-2
Added Pin To Net: NetName=OUT 6 Pin=R67-2
Added Pin To Net: NetName=OUT 16 Pin=R68-2
Added Pin To Net: NetName=OUT 7 Pin=R69-2
Added Pin To Net: NetName=OUT 15 Pin=R70-2
Added Pin To Net: NetName=OUT 8 Pin=R72-2
Added Pin To Net: NetName=OUT 14 Pin=R76-2
Added Pin To Net: NetName=OUT 9 Pin=R77-2
Added Pin To Net: NetName=OUT 13 Pin=R78-2
Added Pin To Net: NetName=OUT 10 Pin=R79-2
Added Pin To Net: NetName=OUT 12 Pin=R84-2
Added Pin To Net: NetName=OUT 11 Pin=R85-2
Add Net: Net with name "led 1" already exists
Add Net: Net with name "led 2" already exists
Add Net: Net with name "led 3" already exists
Add Net: Net with name "led 4" already exists
Add Net: Net with name "led 5" already exists
Add Net: Net with name "led 6" already exists
Add Net: Net with name "led 7" already exists
Add Net: Net with name "led 8" already exists
Add Net: Net with name "led 9" already exists
Add Net: Net with name "led 10" already exists
Add Net: Net with name "led 11" already exists
Add Net: Net with name "led 12" already exists
Add Net: Net with name "led 13" already exists
Add Net: Net with name "led 14" already exists
Add Net: Net with name "led 15" already exists
Add Net: Net with name "led 16" already exists
Add Net: Net with name "led 17" already exists
Add Net: Net with name "led 18" already exists
Add Net: Net with name "led 19" already exists
Add Net: Net with name "led 20" already exists
Added Pin To Net: NetName=NetC30_1 Pin=C30-1
Added Pin To Net: NetName=NetC30_1 Pin=R58-1
Added Net: Name=NetC30_1
Added Pin To Net: NetName=NetC30_2 Pin=C30-2
Added Pin To Net: NetName=NetC30_2 Pin=R59-1
Added Net: Name=NetC30_2
Added Pin To Net: NetName=NetC30_3 Pin=C30-3
Added Pin To Net: NetName=NetC30_3 Pin=R61-1
Added Net: Name=NetC30_3
Added Pin To Net: NetName=NetC30_4 Pin=C30-4
Added Pin To Net: NetName=NetC30_4 Pin=R63-1
Added Net: Name=NetC30_4
Added Pin To Net: NetName=NetC30_5 Pin=C30-5
Added Pin To Net: NetName=NetC30_5 Pin=R65-1
Added Net: Name=NetC30_5
Added Pin To Net: NetName=NetC30_6 Pin=C30-6
Added Pin To Net: NetName=NetC30_6 Pin=R67-1
Added Net: Name=NetC30_6
Added Pin To Net: NetName=NetC30_7 Pin=C30-7
Added Pin To Net: NetName=NetC30_7 Pin=R69-1
Added Net: Name=NetC30_7
Added Pin To Net: NetName=NetC30_8 Pin=C30-8
Added Pin To Net: NetName=NetC30_8 Pin=R72-1
Added Net: Name=NetC30_8
Added Pin To Net: NetName=NetC30_9 Pin=C30-9
Added Pin To Net: NetName=NetC30_9 Pin=R77-1
Added Net: Name=NetC30_9
Added Pin To Net: NetName=NetC30_10 Pin=C30-10
Added Pin To Net: NetName=NetC30_10 Pin=R79-1
Added Net: Name=NetC30_10
Added Pin To Net: NetName=NetC30_15 Pin=C30-15
Added Pin To Net: NetName=NetC30_15 Pin=R85-1
Added Net: Name=NetC30_15
Added Pin To Net: NetName=NetC30_16 Pin=C30-16
Added Pin To Net: NetName=NetC30_16 Pin=R84-1
Added Net: Name=NetC30_16
Added Pin To Net: NetName=NetC30_17 Pin=C30-17
Added Pin To Net: NetName=NetC30_17 Pin=R78-1
Added Net: Name=NetC30_17
Added Pin To Net: NetName=NetC30_18 Pin=C30-18
Added Pin To Net: NetName=NetC30_18 Pin=R76-1
Added Net: Name=NetC30_18
Added Pin To Net: NetName=NetC30_19 Pin=C30-19
Added Pin To Net: NetName=NetC30_19 Pin=R70-1
Added Net: Name=NetC30_19
Added Pin To Net: NetName=NetC30_20 Pin=C30-20
Added Pin To Net: NetName=NetC30_20 Pin=R68-1
Added Net: Name=NetC30_20
Added Pin To Net: NetName=NetC30_21 Pin=C30-21
Added Pin To Net: NetName=NetC30_21 Pin=R66-1
Added Net: Name=NetC30_21
Added Pin To Net: NetName=NetC30_22 Pin=C30-22
Added Pin To Net: NetName=NetC30_22 Pin=R64-1
Added Net: Name=NetC30_22
Added Pin To Net: NetName=NetC30_23 Pin=C30-23
Added Pin To Net: NetName=NetC30_23 Pin=R62-1
Added Net: Name=NetC30_23
Added Pin To Net: NetName=NetC30_24 Pin=C30-24
Added Pin To Net: NetName=NetC30_24 Pin=R60-1
Added Net: Name=NetC30_24
Add Net: Net with name "UART1_RX" already exists
Add Net: Net with name "UART1_TX" already exists
Added Member To Class: ClassName=U_Power Member=Component J1 KF4
Add Class Member: Failed to add class member : Component M1 VIT - 3.2mm
Add Class Member: Failed to add class member : Component M2 VIT - 3.2mm
Add Class Member: Failed to add class member : Component M3 VIT - 3.2mm
Add Class Member: Failed to add class member : Component M4 VIT - 3.2mm
Add Class Member: Failed to add class member : Component P1 Header 4
Added Member To Class: ClassName=U_Led Status Member=Component R66 330
Added Member To Class: ClassName=U_Led Status Member=Component R67 330
Added Member To Class: ClassName=U_Led Status Member=Component R68 330
Added Member To Class: ClassName=U_Led Status Member=Component R69 330
Added Member To Class: ClassName=U_Led Status Member=Component R70 330
Added Member To Class: ClassName=U_Led Status Member=Component R71 4.7k
Added Member To Class: ClassName=U_Led Status Member=Component R72 330
Added Member To Class: ClassName=U_Led Status Member=Component R73 4.7k
Added Member To Class: ClassName=U_Led Status Member=Component R74 4.7k
Added Member To Class: ClassName=U_Led Status Member=Component R75 4.7k
Added Member To Class: ClassName=U_Led Status Member=Component R76 330
Added Member To Class: ClassName=U_Led Status Member=Component R77 330
Added Member To Class: ClassName=U_Led Status Member=Component R78 330
Added Member To Class: ClassName=U_Led Status Member=Component R79 330
Added Member To Class: ClassName=U_Led Status Member=Component R80 330
Added Member To Class: ClassName=U_Led Status Member=Component R81 330
Added Member To Class: ClassName=U_Led Status Member=Component R82 330
Added Member To Class: ClassName=U_Led Status Member=Component R83 330
Added Member To Class: ClassName=U_Led Status Member=Component R84 330
Added Member To Class: ClassName=U_Led Status Member=Component R85 330
Added Room: Name=U_Led Status
Added Room: Name=U_MCU
Added Room: Name=U_Modbus RTU
Added Room: Name=U_Power
Added Room: Name=U_Wireless_Master
Added Room: Name=Yazaki Led
